<?xml version="1.0" encoding="UTF-8"?>
<!-- Generated by org.testng.reporters.JUnitReportReporter -->
<testsuite hostname="DESKTOP-B1SBRCM" failures="0" tests="8" name="GoPadelLoginTest.GoPadelLoginTest" time="75.563" errors="0" timestamp="2022-04-12T16:30:22 IST" skipped="0">
  <testcase classname="GoPadelLoginTest.GoPadelLoginTest" name="loginfunction" time="13.074"/>
  <system-out/>
  <testcase classname="GoPadelLoginTest.GoPadelLoginTest" name="loginfunction" time="12.602"/>
  <system-out/>
  <testcase classname="GoPadelLoginTest.GoPadelLoginTest" name="loginfunction" time="10.862"/>
  <system-out/>
  <testcase classname="GoPadelLoginTest.GoPadelLoginTest" name="loginfunction" time="13.141"/>
  <system-out/>
  <testcase classname="GoPadelLoginTest.GoPadelLoginTest" name="loginTest" time="1.335"/>
  <system-out/>
  <testcase classname="GoPadelLoginTest.GoPadelLoginTest" name="loginfunction" time="13.387"/>
  <system-out/>
  <testcase classname="GoPadelLoginTest.GoPadelLoginTest" name="main" time="5.867"/>
  <system-out/>
  <testcase classname="GoPadelLoginTest.GoPadelLoginTest" name="forgetPassword" time="5.295"/>
  <system-out/>
</testsuite> <!-- GoPadelLoginTest.GoPadelLoginTest -->
